 Image radreport-backend Building 
#1 [internal] load local bake definitions
#1 reading from stdin 538B done
#1 DONE 0.0s

#2 [internal] load build definition from Dockerfile
#2 transferring dockerfile: 1.98kB done
#2 WARN: FromAsCasing: 'as' and 'FROM' keywords' casing do not match (line 2)
#2 DONE 0.0s

#3 [internal] load metadata for docker.io/library/python:3.11-slim
#3 DONE 0.2s

#4 [internal] load .dockerignore
#4 transferring context: 2B done
#4 DONE 0.0s

#5 [builder 1/5] FROM docker.io/library/python:3.11-slim@sha256:5be45dbade29bebd6886af6b438fd7e0b4eb7b611f39ba62b430263f82de36d2
#5 resolve docker.io/library/python:3.11-slim@sha256:5be45dbade29bebd6886af6b438fd7e0b4eb7b611f39ba62b430263f82de36d2 0.0s done
#5 DONE 0.0s

#6 [internal] load build context
#6 transferring context: 2.62MB 0.7s done
#6 DONE 0.7s

#7 [builder 2/5] RUN apt-get update && apt-get install -y --no-install-recommends     gcc     postgresql-client     libpq-dev     && rm -rf /var/lib/apt/lists/*
#7 CACHED

#8 [builder 3/5] RUN python -m venv /opt/venv
#8 CACHED

#9 [builder 4/5] COPY requirements.txt /tmp/
#9 DONE 0.0s

#10 [builder 5/5] RUN pip install --no-cache-dir -r /tmp/requirements.txt
#10 1.136 Collecting Django<6.0,>=5.0 (from -r /tmp/requirements.txt (line 1))
#10 1.197   Downloading django-5.2.10-py3-none-any.whl.metadata (4.1 kB)
#10 1.240 Collecting djangorestframework>=3.15 (from -r /tmp/requirements.txt (line 2))
#10 1.255   Downloading djangorestframework-3.16.1-py3-none-any.whl.metadata (11 kB)
#10 1.286 Collecting djangorestframework-simplejwt>=5.3 (from -r /tmp/requirements.txt (line 3))
#10 1.301   Downloading djangorestframework_simplejwt-5.5.1-py3-none-any.whl.metadata (4.6 kB)
#10 1.337 Collecting drf-spectacular>=0.27 (from -r /tmp/requirements.txt (line 4))
#10 1.353   Downloading drf_spectacular-0.29.0-py3-none-any.whl.metadata (14 kB)
#10 1.384 Collecting django-filter>=24.2 (from -r /tmp/requirements.txt (line 5))
#10 1.400   Downloading django_filter-25.2-py3-none-any.whl.metadata (5.1 kB)
#10 1.433 Collecting django-cors-headers>=4.4 (from -r /tmp/requirements.txt (line 6))
#10 1.448   Downloading django_cors_headers-4.9.0-py3-none-any.whl.metadata (16 kB)
#10 1.531 Collecting psycopg2-binary>=2.9 (from -r /tmp/requirements.txt (line 7))
#10 1.545   Downloading psycopg2_binary-2.9.11-cp311-cp311-manylinux2014_x86_64.manylinux_2_17_x86_64.whl.metadata (4.9 kB)
#10 1.749 Collecting Pillow>=10.0 (from -r /tmp/requirements.txt (line 8))
#10 1.763   Downloading pillow-12.1.0-cp311-cp311-manylinux_2_27_x86_64.manylinux_2_28_x86_64.whl.metadata (8.8 kB)
#10 1.927 Collecting reportlab>=4.0 (from -r /tmp/requirements.txt (line 9))
#10 1.941   Downloading reportlab-4.4.9-py3-none-any.whl.metadata (1.7 kB)
#10 1.973 Collecting gunicorn>=21.2 (from -r /tmp/requirements.txt (line 10))
#10 1.987   Downloading gunicorn-24.1.1-py3-none-any.whl.metadata (4.6 kB)
#10 2.028 Collecting whitenoise>=6.6 (from -r /tmp/requirements.txt (line 11))
#10 2.044   Downloading whitenoise-6.11.0-py3-none-any.whl.metadata (3.7 kB)
#10 2.162 Collecting google-auth>=2.27 (from -r /tmp/requirements.txt (line 12))
#10 2.179   Downloading google_auth-2.48.0-py3-none-any.whl.metadata (6.2 kB)
#10 2.206 Collecting google-auth-oauthlib>=1.2 (from -r /tmp/requirements.txt (line 13))
#10 2.221   Downloading google_auth_oauthlib-1.2.4-py3-none-any.whl.metadata (3.1 kB)
#10 2.243 Collecting google-auth-httplib2>=0.2 (from -r /tmp/requirements.txt (line 14))
#10 2.257   Downloading google_auth_httplib2-0.3.0-py3-none-any.whl.metadata (3.1 kB)
#10 2.349 Collecting google-api-python-client>=2.115 (from -r /tmp/requirements.txt (line 15))
#10 2.363   Downloading google_api_python_client-2.188.0-py3-none-any.whl.metadata (7.0 kB)
#10 2.402 Collecting asgiref>=3.8.1 (from Django<6.0,>=5.0->-r /tmp/requirements.txt (line 1))
#10 2.416   Downloading asgiref-3.11.0-py3-none-any.whl.metadata (9.3 kB)
#10 2.443 Collecting sqlparse>=0.3.1 (from Django<6.0,>=5.0->-r /tmp/requirements.txt (line 1))
#10 2.457   Downloading sqlparse-0.5.5-py3-none-any.whl.metadata (4.7 kB)
#10 2.545 Collecting pyjwt>=1.7.1 (from djangorestframework-simplejwt>=5.3->-r /tmp/requirements.txt (line 3))
#10 2.560   Downloading PyJWT-2.10.1-py3-none-any.whl.metadata (4.0 kB)
#10 2.624 Collecting uritemplate>=2.0.0 (from drf-spectacular>=0.27->-r /tmp/requirements.txt (line 4))
#10 2.638   Downloading uritemplate-4.2.0-py3-none-any.whl.metadata (2.6 kB)
#10 2.692 Collecting PyYAML>=5.1 (from drf-spectacular>=0.27->-r /tmp/requirements.txt (line 4))
#10 2.706   Downloading pyyaml-6.0.3-cp311-cp311-manylinux2014_x86_64.manylinux_2_17_x86_64.manylinux_2_28_x86_64.whl.metadata (2.4 kB)
#10 2.749 Collecting jsonschema>=2.6.0 (from drf-spectacular>=0.27->-r /tmp/requirements.txt (line 4))
#10 2.763   Downloading jsonschema-4.26.0-py3-none-any.whl.metadata (7.6 kB)
#10 2.784 Collecting inflection>=0.3.1 (from drf-spectacular>=0.27->-r /tmp/requirements.txt (line 4))
#10 2.798   Downloading inflection-0.5.1-py2.py3-none-any.whl.metadata (1.7 kB)
#10 3.039 Collecting charset-normalizer (from reportlab>=4.0->-r /tmp/requirements.txt (line 9))
#10 3.053   Downloading charset_normalizer-3.4.4-cp311-cp311-manylinux2014_x86_64.manylinux_2_17_x86_64.manylinux_2_28_x86_64.whl.metadata (37 kB)
#10 3.102 Collecting packaging (from gunicorn>=21.2->-r /tmp/requirements.txt (line 10))
#10 3.116   Downloading packaging-26.0-py3-none-any.whl.metadata (3.3 kB)
#10 3.169 Collecting pyasn1-modules>=0.2.1 (from google-auth>=2.27->-r /tmp/requirements.txt (line 12))
#10 3.183   Downloading pyasn1_modules-0.4.2-py3-none-any.whl.metadata (3.5 kB)
#10 3.417 Collecting cryptography>=38.0.3 (from google-auth>=2.27->-r /tmp/requirements.txt (line 12))
#10 3.431   Downloading cryptography-46.0.4-cp311-abi3-manylinux_2_34_x86_64.whl.metadata (5.7 kB)
#10 3.459 Collecting rsa<5,>=3.1.4 (from google-auth>=2.27->-r /tmp/requirements.txt (line 12))
#10 3.474   Downloading rsa-4.9.1-py3-none-any.whl.metadata (5.6 kB)
#10 3.517 Collecting requests-oauthlib>=0.7.0 (from google-auth-oauthlib>=1.2->-r /tmp/requirements.txt (line 13))
#10 3.531   Downloading requests_oauthlib-2.0.0-py2.py3-none-any.whl.metadata (11 kB)
#10 3.581 Collecting httplib2<1.0.0,>=0.19.0 (from google-auth-httplib2>=0.2->-r /tmp/requirements.txt (line 14))
#10 3.596   Downloading httplib2-0.31.2-py3-none-any.whl.metadata (2.2 kB)
#10 3.762 Collecting google-api-core!=2.0.*,!=2.1.*,!=2.2.*,!=2.3.0,<3.0.0,>=1.31.5 (from google-api-python-client>=2.115->-r /tmp/requirements.txt (line 15))
#10 3.777   Downloading google_api_core-2.29.0-py3-none-any.whl.metadata (3.3 kB)
#10 3.941 Collecting cffi>=2.0.0 (from cryptography>=38.0.3->google-auth>=2.27->-r /tmp/requirements.txt (line 12))
#10 3.955   Downloading cffi-2.0.0-cp311-cp311-manylinux2014_x86_64.manylinux_2_17_x86_64.whl.metadata (2.6 kB)
#10 4.006 Collecting googleapis-common-protos<2.0.0,>=1.56.2 (from google-api-core!=2.0.*,!=2.1.*,!=2.2.*,!=2.3.0,<3.0.0,>=1.31.5->google-api-python-client>=2.115->-r /tmp/requirements.txt (line 15))
#10 4.020   Downloading googleapis_common_protos-1.72.0-py3-none-any.whl.metadata (9.4 kB)
#10 4.269 Collecting protobuf!=3.20.0,!=3.20.1,!=4.21.0,!=4.21.1,!=4.21.2,!=4.21.3,!=4.21.4,!=4.21.5,<7.0.0,>=3.19.5 (from google-api-core!=2.0.*,!=2.1.*,!=2.2.*,!=2.3.0,<3.0.0,>=1.31.5->google-api-python-client>=2.115->-r /tmp/requirements.txt (line 15))
#10 4.284   Downloading protobuf-6.33.4-cp39-abi3-manylinux2014_x86_64.whl.metadata (593 bytes)
#10 4.320 Collecting proto-plus<2.0.0,>=1.22.3 (from google-api-core!=2.0.*,!=2.1.*,!=2.2.*,!=2.3.0,<3.0.0,>=1.31.5->google-api-python-client>=2.115->-r /tmp/requirements.txt (line 15))
#10 4.335   Downloading proto_plus-1.27.0-py3-none-any.whl.metadata (2.2 kB)
#10 4.402 Collecting requests<3.0.0,>=2.18.0 (from google-api-core!=2.0.*,!=2.1.*,!=2.2.*,!=2.3.0,<3.0.0,>=1.31.5->google-api-python-client>=2.115->-r /tmp/requirements.txt (line 15))
#10 4.416   Downloading requests-2.32.5-py3-none-any.whl.metadata (4.9 kB)
#10 4.524 Collecting pyparsing<4,>=3.1 (from httplib2<1.0.0,>=0.19.0->google-auth-httplib2>=0.2->-r /tmp/requirements.txt (line 14))
#10 4.546   Downloading pyparsing-3.3.2-py3-none-any.whl.metadata (5.8 kB)
#10 4.593 Collecting attrs>=22.2.0 (from jsonschema>=2.6.0->drf-spectacular>=0.27->-r /tmp/requirements.txt (line 4))
#10 4.607   Downloading attrs-25.4.0-py3-none-any.whl.metadata (10 kB)
#10 4.634 Collecting jsonschema-specifications>=2023.03.6 (from jsonschema>=2.6.0->drf-spectacular>=0.27->-r /tmp/requirements.txt (line 4))
#10 4.648   Downloading jsonschema_specifications-2025.9.1-py3-none-any.whl.metadata (2.9 kB)
#10 4.692 Collecting referencing>=0.28.4 (from jsonschema>=2.6.0->drf-spectacular>=0.27->-r /tmp/requirements.txt (line 4))
#10 4.707   Downloading referencing-0.37.0-py3-none-any.whl.metadata (2.8 kB)
#10 5.040 Collecting rpds-py>=0.25.0 (from jsonschema>=2.6.0->drf-spectacular>=0.27->-r /tmp/requirements.txt (line 4))
#10 5.055   Downloading rpds_py-0.30.0-cp311-cp311-manylinux_2_17_x86_64.manylinux2014_x86_64.whl.metadata (4.1 kB)
#10 5.117 Collecting pyasn1<0.7.0,>=0.6.1 (from pyasn1-modules>=0.2.1->google-auth>=2.27->-r /tmp/requirements.txt (line 12))
#10 5.131   Downloading pyasn1-0.6.2-py3-none-any.whl.metadata (8.4 kB)
#10 5.188 Collecting oauthlib>=3.0.0 (from requests-oauthlib>=0.7.0->google-auth-oauthlib>=1.2->-r /tmp/requirements.txt (line 13))
#10 5.203   Downloading oauthlib-3.3.1-py3-none-any.whl.metadata (7.9 kB)
#10 5.269 Collecting pycparser (from cffi>=2.0.0->cryptography>=38.0.3->google-auth>=2.27->-r /tmp/requirements.txt (line 12))
#10 5.286   Downloading pycparser-3.0-py3-none-any.whl.metadata (8.2 kB)
#10 5.502 Collecting typing-extensions>=4.4.0 (from referencing>=0.28.4->jsonschema>=2.6.0->drf-spectacular>=0.27->-r /tmp/requirements.txt (line 4))
#10 5.517   Downloading typing_extensions-4.15.0-py3-none-any.whl.metadata (3.3 kB)
#10 5.558 Collecting idna<4,>=2.5 (from requests<3.0.0,>=2.18.0->google-api-core!=2.0.*,!=2.1.*,!=2.2.*,!=2.3.0,<3.0.0,>=1.31.5->google-api-python-client>=2.115->-r /tmp/requirements.txt (line 15))
#10 5.575   Downloading idna-3.11-py3-none-any.whl.metadata (8.4 kB)
#10 5.660 Collecting urllib3<3,>=1.21.1 (from requests<3.0.0,>=2.18.0->google-api-core!=2.0.*,!=2.1.*,!=2.2.*,!=2.3.0,<3.0.0,>=1.31.5->google-api-python-client>=2.115->-r /tmp/requirements.txt (line 15))
#10 5.675   Downloading urllib3-2.6.3-py3-none-any.whl.metadata (6.9 kB)
#10 5.710 Collecting certifi>=2017.4.17 (from requests<3.0.0,>=2.18.0->google-api-core!=2.0.*,!=2.1.*,!=2.2.*,!=2.3.0,<3.0.0,>=1.31.5->google-api-python-client>=2.115->-r /tmp/requirements.txt (line 15))
#10 5.725   Downloading certifi-2026.1.4-py3-none-any.whl.metadata (2.5 kB)
#10 5.865 Downloading django-5.2.10-py3-none-any.whl (8.3 MB)
#10 5.966    ━━━━━━━━━━━━━━━━━━━━━━━━━━━━━━━━━━━━━━━━ 8.3/8.3 MB 83.9 MB/s eta 0:00:00
#10 5.980 Downloading djangorestframework-3.16.1-py3-none-any.whl (1.1 MB)
#10 5.985    ━━━━━━━━━━━━━━━━━━━━━━━━━━━━━━━━━━━━━━━━ 1.1/1.1 MB 441.5 MB/s eta 0:00:00
#10 6.000 Downloading djangorestframework_simplejwt-5.5.1-py3-none-any.whl (107 kB)
#10 6.003    ━━━━━━━━━━━━━━━━━━━━━━━━━━━━━━━━━━━━━━━ 107.7/107.7 kB 405.1 MB/s eta 0:00:00
#10 6.017 Downloading drf_spectacular-0.29.0-py3-none-any.whl (105 kB)
#10 6.020    ━━━━━━━━━━━━━━━━━━━━━━━━━━━━━━━━━━━━━━━ 105.4/105.4 kB 316.0 MB/s eta 0:00:00
#10 6.034 Downloading django_filter-25.2-py3-none-any.whl (94 kB)
#10 6.036    ━━━━━━━━━━━━━━━━━━━━━━━━━━━━━━━━━━━━━━━━ 94.1/94.1 kB 378.6 MB/s eta 0:00:00
#10 6.051 Downloading django_cors_headers-4.9.0-py3-none-any.whl (12 kB)
#10 6.066 Downloading psycopg2_binary-2.9.11-cp311-cp311-manylinux2014_x86_64.manylinux_2_17_x86_64.whl (4.2 MB)
#10 6.084    ━━━━━━━━━━━━━━━━━━━━━━━━━━━━━━━━━━━━━━━━ 4.2/4.2 MB 268.7 MB/s eta 0:00:00
#10 6.098 Downloading pillow-12.1.0-cp311-cp311-manylinux_2_27_x86_64.manylinux_2_28_x86_64.whl (7.0 MB)
#10 6.128    ━━━━━━━━━━━━━━━━━━━━━━━━━━━━━━━━━━━━━━━━ 7.0/7.0 MB 255.5 MB/s eta 0:00:00
#10 6.142 Downloading reportlab-4.4.9-py3-none-any.whl (2.0 MB)
#10 6.149    ━━━━━━━━━━━━━━━━━━━━━━━━━━━━━━━━━━━━━━━━ 2.0/2.0 MB 458.4 MB/s eta 0:00:00
#10 6.164 Downloading gunicorn-24.1.1-py3-none-any.whl (114 kB)
#10 6.166    ━━━━━━━━━━━━━━━━━━━━━━━━━━━━━━━━━━━━━━━ 114.9/114.9 kB 357.4 MB/s eta 0:00:00
#10 6.180 Downloading whitenoise-6.11.0-py3-none-any.whl (20 kB)
#10 6.195 Downloading google_auth-2.48.0-py3-none-any.whl (236 kB)
#10 6.198    ━━━━━━━━━━━━━━━━━━━━━━━━━━━━━━━━━━━━━━━ 236.5/236.5 kB 454.9 MB/s eta 0:00:00
#10 6.212 Downloading google_auth_oauthlib-1.2.4-py3-none-any.whl (19 kB)
#10 6.227 Downloading google_auth_httplib2-0.3.0-py3-none-any.whl (9.5 kB)
#10 6.241 Downloading google_api_python_client-2.188.0-py3-none-any.whl (14.9 MB)
#10 6.304    ━━━━━━━━━━━━━━━━━━━━━━━━━━━━━━━━━━━━━━━━ 14.9/14.9 MB 229.9 MB/s eta 0:00:00
#10 6.318 Downloading asgiref-3.11.0-py3-none-any.whl (24 kB)
#10 6.333 Downloading cryptography-46.0.4-cp311-abi3-manylinux_2_34_x86_64.whl (4.5 MB)
#10 6.352    ━━━━━━━━━━━━━━━━━━━━━━━━━━━━━━━━━━━━━━━━ 4.5/4.5 MB 271.8 MB/s eta 0:00:00
#10 6.366 Downloading google_api_core-2.29.0-py3-none-any.whl (173 kB)
#10 6.369    ━━━━━━━━━━━━━━━━━━━━━━━━━━━━━━━━━━━━━━━ 173.9/173.9 kB 425.5 MB/s eta 0:00:00
#10 6.383 Downloading httplib2-0.31.2-py3-none-any.whl (91 kB)
#10 6.385    ━━━━━━━━━━━━━━━━━━━━━━━━━━━━━━━━━━━━━━━━ 91.1/91.1 kB 403.3 MB/s eta 0:00:00
#10 6.400 Downloading inflection-0.5.1-py2.py3-none-any.whl (9.5 kB)
#10 6.415 Downloading jsonschema-4.26.0-py3-none-any.whl (90 kB)
#10 6.418    ━━━━━━━━━━━━━━━━━━━━━━━━━━━━━━━━━━━━━━━━ 90.6/90.6 kB 285.2 MB/s eta 0:00:00
#10 6.432 Downloading pyasn1_modules-0.4.2-py3-none-any.whl (181 kB)
#10 6.435    ━━━━━━━━━━━━━━━━━━━━━━━━━━━━━━━━━━━━━━━ 181.3/181.3 kB 286.0 MB/s eta 0:00:00
#10 6.450 Downloading PyJWT-2.10.1-py3-none-any.whl (22 kB)
#10 6.465 Downloading pyyaml-6.0.3-cp311-cp311-manylinux2014_x86_64.manylinux_2_17_x86_64.manylinux_2_28_x86_64.whl (806 kB)
#10 6.476    ━━━━━━━━━━━━━━━━━━━━━━━━━━━━━━━━━━━━━━━━ 806.6/806.6 kB 94.5 MB/s eta 0:00:00
#10 6.491 Downloading requests_oauthlib-2.0.0-py2.py3-none-any.whl (24 kB)
#10 6.506 Downloading rsa-4.9.1-py3-none-any.whl (34 kB)
#10 6.521 Downloading sqlparse-0.5.5-py3-none-any.whl (46 kB)
#10 6.523    ━━━━━━━━━━━━━━━━━━━━━━━━━━━━━━━━━━━━━━━━ 46.1/46.1 kB 214.5 MB/s eta 0:00:00
#10 6.538 Downloading uritemplate-4.2.0-py3-none-any.whl (11 kB)
#10 6.552 Downloading charset_normalizer-3.4.4-cp311-cp311-manylinux2014_x86_64.manylinux_2_17_x86_64.manylinux_2_28_x86_64.whl (151 kB)
#10 6.555    ━━━━━━━━━━━━━━━━━━━━━━━━━━━━━━━━━━━━━━━ 151.6/151.6 kB 440.5 MB/s eta 0:00:00
#10 6.569 Downloading packaging-26.0-py3-none-any.whl (74 kB)
#10 6.571    ━━━━━━━━━━━━━━━━━━━━━━━━━━━━━━━━━━━━━━━━ 74.4/74.4 kB 344.1 MB/s eta 0:00:00
#10 6.585 Downloading attrs-25.4.0-py3-none-any.whl (67 kB)
#10 6.587    ━━━━━━━━━━━━━━━━━━━━━━━━━━━━━━━━━━━━━━━━ 67.6/67.6 kB 325.2 MB/s eta 0:00:00
#10 6.602 Downloading cffi-2.0.0-cp311-cp311-manylinux2014_x86_64.manylinux_2_17_x86_64.whl (215 kB)
#10 6.605    ━━━━━━━━━━━━━━━━━━━━━━━━━━━━━━━━━━━━━━━ 215.6/215.6 kB 440.8 MB/s eta 0:00:00
#10 6.619 Downloading googleapis_common_protos-1.72.0-py3-none-any.whl (297 kB)
#10 6.622    ━━━━━━━━━━━━━━━━━━━━━━━━━━━━━━━━━━━━━━━ 297.5/297.5 kB 406.9 MB/s eta 0:00:00
#10 6.636 Downloading jsonschema_specifications-2025.9.1-py3-none-any.whl (18 kB)
#10 6.651 Downloading oauthlib-3.3.1-py3-none-any.whl (160 kB)
#10 6.653    ━━━━━━━━━━━━━━━━━━━━━━━━━━━━━━━━━━━━━━━ 160.1/160.1 kB 349.3 MB/s eta 0:00:00
#10 6.668 Downloading proto_plus-1.27.0-py3-none-any.whl (50 kB)
#10 6.670    ━━━━━━━━━━━━━━━━━━━━━━━━━━━━━━━━━━━━━━━━ 50.2/50.2 kB 313.0 MB/s eta 0:00:00
#10 6.684 Downloading protobuf-6.33.4-cp39-abi3-manylinux2014_x86_64.whl (323 kB)
#10 6.686    ━━━━━━━━━━━━━━━━━━━━━━━━━━━━━━━━━━━━━━━ 323.3/323.3 kB 433.5 MB/s eta 0:00:00
#10 6.701 Downloading pyasn1-0.6.2-py3-none-any.whl (83 kB)
#10 6.703    ━━━━━━━━━━━━━━━━━━━━━━━━━━━━━━━━━━━━━━━━ 83.4/83.4 kB 329.9 MB/s eta 0:00:00
#10 6.717 Downloading pyparsing-3.3.2-py3-none-any.whl (122 kB)
#10 6.720    ━━━━━━━━━━━━━━━━━━━━━━━━━━━━━━━━━━━━━━━ 122.8/122.8 kB 347.6 MB/s eta 0:00:00
#10 6.734 Downloading referencing-0.37.0-py3-none-any.whl (26 kB)
#10 6.748 Downloading requests-2.32.5-py3-none-any.whl (64 kB)
#10 6.750    ━━━━━━━━━━━━━━━━━━━━━━━━━━━━━━━━━━━━━━━━ 64.7/64.7 kB 381.7 MB/s eta 0:00:00
#10 6.764 Downloading rpds_py-0.30.0-cp311-cp311-manylinux_2_17_x86_64.manylinux2014_x86_64.whl (390 kB)
#10 6.767    ━━━━━━━━━━━━━━━━━━━━━━━━━━━━━━━━━━━━━━━ 390.8/390.8 kB 471.0 MB/s eta 0:00:00
#10 6.781 Downloading certifi-2026.1.4-py3-none-any.whl (152 kB)
#10 6.783    ━━━━━━━━━━━━━━━━━━━━━━━━━━━━━━━━━━━━━━━ 152.9/152.9 kB 448.0 MB/s eta 0:00:00
#10 6.798 Downloading idna-3.11-py3-none-any.whl (71 kB)
#10 6.800    ━━━━━━━━━━━━━━━━━━━━━━━━━━━━━━━━━━━━━━━━ 71.0/71.0 kB 174.4 MB/s eta 0:00:00
#10 6.815 Downloading typing_extensions-4.15.0-py3-none-any.whl (44 kB)
#10 6.817    ━━━━━━━━━━━━━━━━━━━━━━━━━━━━━━━━━━━━━━━━ 44.6/44.6 kB 290.7 MB/s eta 0:00:00
#10 6.832 Downloading urllib3-2.6.3-py3-none-any.whl (131 kB)
#10 6.834    ━━━━━━━━━━━━━━━━━━━━━━━━━━━━━━━━━━━━━━━ 131.6/131.6 kB 346.8 MB/s eta 0:00:00
#10 6.849 Downloading pycparser-3.0-py3-none-any.whl (48 kB)
#10 6.851    ━━━━━━━━━━━━━━━━━━━━━━━━━━━━━━━━━━━━━━━━ 48.2/48.2 kB 234.0 MB/s eta 0:00:00
#10 7.305 Installing collected packages: whitenoise, urllib3, uritemplate, typing-extensions, sqlparse, rpds-py, PyYAML, pyparsing, pyjwt, pycparser, pyasn1, psycopg2-binary, protobuf, Pillow, packaging, oauthlib, inflection, idna, charset-normalizer, certifi, attrs, asgiref, rsa, requests, reportlab, referencing, pyasn1-modules, proto-plus, httplib2, gunicorn, googleapis-common-protos, Django, cffi, requests-oauthlib, jsonschema-specifications, djangorestframework, django-filter, django-cors-headers, cryptography, jsonschema, google-auth, djangorestframework-simplejwt, google-auth-oauthlib, google-auth-httplib2, google-api-core, drf-spectacular, google-api-python-client

