 Image radreport-backend Building 
 Image radreport-frontend Building 
#1 [internal] load local bake definitions
#1 reading from stdin 995B done
#1 DONE 0.0s

#2 [frontend internal] load build definition from Dockerfile
#2 transferring dockerfile:
#2 transferring dockerfile: 1.12kB done
#2 WARN: FromAsCasing: 'as' and 'FROM' keywords' casing do not match (line 2)
#2 DONE 0.0s

#3 [backend internal] load build definition from Dockerfile
#3 transferring dockerfile: 1.98kB done
#3 WARN: FromAsCasing: 'as' and 'FROM' keywords' casing do not match (line 2)
#3 DONE 0.0s

#4 [frontend internal] load metadata for docker.io/library/node:18-alpine
#4 ...

#5 [frontend internal] load metadata for docker.io/library/nginx:1.25-alpine
#5 DONE 0.2s

#6 [backend internal] load metadata for docker.io/library/python:3.11-slim
#6 DONE 0.2s

#4 [frontend internal] load metadata for docker.io/library/node:18-alpine
#4 DONE 0.2s

#7 [backend internal] load .dockerignore
#7 transferring context: 2B done
#7 DONE 0.0s

#8 [frontend internal] load .dockerignore
#8 transferring context: 2B done
#8 DONE 0.0s

#9 [backend builder 1/5] FROM docker.io/library/python:3.11-slim@sha256:5be45dbade29bebd6886af6b438fd7e0b4eb7b611f39ba62b430263f82de36d2
#9 resolve docker.io/library/python:3.11-slim@sha256:5be45dbade29bebd6886af6b438fd7e0b4eb7b611f39ba62b430263f82de36d2 0.0s done
#9 DONE 0.0s

#10 [frontend builder 1/6] FROM docker.io/library/node:18-alpine@sha256:8d6421d663b4c28fd3ebc498332f249011d118945588d0a35cb9bc4b8ca09d9e
#10 resolve docker.io/library/node:18-alpine@sha256:8d6421d663b4c28fd3ebc498332f249011d118945588d0a35cb9bc4b8ca09d9e 0.0s done
#10 DONE 0.0s

#11 [frontend stage-1 1/3] FROM docker.io/library/nginx:1.25-alpine@sha256:516475cc129da42866742567714ddc681e5eed7b9ee0b9e9c015e464b4221a00
#11 resolve docker.io/library/nginx:1.25-alpine@sha256:516475cc129da42866742567714ddc681e5eed7b9ee0b9e9c015e464b4221a00 0.0s done
#11 DONE 0.0s

#12 [frontend internal] load build context
#12 transferring context: 7.38kB done
#12 DONE 0.0s

#13 [frontend stage-1 2/3] COPY nginx.prod.conf /etc/nginx/conf.d/default.conf
#13 CACHED

#14 [frontend builder 2/6] WORKDIR /app
#14 CACHED

#15 [frontend builder 3/6] COPY package*.json ./
#15 CACHED

#16 [frontend builder 4/6] RUN npm ci
#16 CACHED

#17 [frontend builder 5/6] COPY . .
#17 DONE 0.1s

#18 [backend internal] load build context
#18 transferring context: 2.62MB 0.7s done
#18 DONE 0.7s

#19 [frontend builder 6/6] RUN npm run build
#19 0.494 
#19 0.494 > rims-frontend@0.1.0 build
#19 0.494 > tsc -b && vite build
#19 0.494 
#19 ...

#20 [backend builder 2/5] RUN apt-get update && apt-get install -y --no-install-recommends     gcc     postgresql-client     libpq-dev     && rm -rf /var/lib/apt/lists/*
#20 CACHED

#21 [backend builder 3/5] RUN python -m venv /opt/venv
#21 CACHED

#22 [backend builder 4/5] COPY requirements.txt /tmp/
#22 CACHED

#23 [backend builder 5/5] RUN pip install --no-cache-dir -r /tmp/requirements.txt
#23 0.886 Collecting Django<6.0,>=5.0 (from -r /tmp/requirements.txt (line 1))
#23 0.950   Downloading django-5.2.10-py3-none-any.whl.metadata (4.1 kB)
#23 1.014 Collecting djangorestframework>=3.15 (from -r /tmp/requirements.txt (line 2))
#23 1.031   Downloading djangorestframework-3.16.1-py3-none-any.whl.metadata (11 kB)
#23 1.084 Collecting djangorestframework-simplejwt>=5.3 (from -r /tmp/requirements.txt (line 3))
#23 1.096   Downloading djangorestframework_simplejwt-5.5.1-py3-none-any.whl.metadata (4.6 kB)
#23 1.149 Collecting drf-spectacular>=0.27 (from -r /tmp/requirements.txt (line 4))
#23 1.164   Downloading drf_spectacular-0.29.0-py3-none-any.whl.metadata (14 kB)
#23 1.204 Collecting django-filter>=24.2 (from -r /tmp/requirements.txt (line 5))
#23 1.218   Downloading django_filter-25.2-py3-none-any.whl.metadata (5.1 kB)
#23 1.259 Collecting django-cors-headers>=4.4 (from -r /tmp/requirements.txt (line 6))
#23 1.273   Downloading django_cors_headers-4.9.0-py3-none-any.whl.metadata (16 kB)
#23 1.396 Collecting psycopg2-binary>=2.9 (from -r /tmp/requirements.txt (line 7))
#23 1.413   Downloading psycopg2_binary-2.9.11-cp311-cp311-manylinux2014_x86_64.manylinux_2_17_x86_64.whl.metadata (4.9 kB)
#23 1.703 Collecting Pillow>=10.0 (from -r /tmp/requirements.txt (line 8))
#23 1.717   Downloading pillow-12.1.0-cp311-cp311-manylinux_2_27_x86_64.manylinux_2_28_x86_64.whl.metadata (8.8 kB)
#23 1.903 Collecting reportlab>=4.0 (from -r /tmp/requirements.txt (line 9))
#23 1.917   Downloading reportlab-4.4.9-py3-none-any.whl.metadata (1.7 kB)
#23 1.959 Collecting gunicorn>=21.2 (from -r /tmp/requirements.txt (line 10))
#23 1.973   Downloading gunicorn-24.1.1-py3-none-any.whl.metadata (4.6 kB)
#23 2.015 Collecting whitenoise>=6.6 (from -r /tmp/requirements.txt (line 11))
#23 2.029   Downloading whitenoise-6.11.0-py3-none-any.whl.metadata (3.7 kB)
#23 2.139 Collecting google-auth>=2.27 (from -r /tmp/requirements.txt (line 12))
#23 2.159   Downloading google_auth-2.48.0-py3-none-any.whl.metadata (6.2 kB)
#23 2.299 Collecting google-auth-oauthlib>=1.2 (from -r /tmp/requirements.txt (line 13))
#23 2.299   Downloading google_auth_oauthlib-1.2.4-py3-none-any.whl.metadata (3.1 kB)
#23 2.317 Collecting google-auth-httplib2>=0.2 (from -r /tmp/requirements.txt (line 14))
#23 2.332   Downloading google_auth_httplib2-0.3.0-py3-none-any.whl.metadata (3.1 kB)
#23 2.481 Collecting google-api-python-client>=2.115 (from -r /tmp/requirements.txt (line 15))
#23 2.497   Downloading google_api_python_client-2.188.0-py3-none-any.whl.metadata (7.0 kB)
#23 2.550 Collecting asgiref>=3.8.1 (from Django<6.0,>=5.0->-r /tmp/requirements.txt (line 1))
#23 2.565   Downloading asgiref-3.11.0-py3-none-any.whl.metadata (9.3 kB)
#23 2.597 Collecting sqlparse>=0.3.1 (from Django<6.0,>=5.0->-r /tmp/requirements.txt (line 1))
#23 2.613   Downloading sqlparse-0.5.5-py3-none-any.whl.metadata (4.7 kB)
#23 2.722 Collecting pyjwt>=1.7.1 (from djangorestframework-simplejwt>=5.3->-r /tmp/requirements.txt (line 3))
#23 2.736   Downloading PyJWT-2.10.1-py3-none-any.whl.metadata (4.0 kB)
#23 2.830 Collecting uritemplate>=2.0.0 (from drf-spectacular>=0.27->-r /tmp/requirements.txt (line 4))
#23 2.844   Downloading uritemplate-4.2.0-py3-none-any.whl.metadata (2.6 kB)
#23 2.937 Collecting PyYAML>=5.1 (from drf-spectacular>=0.27->-r /tmp/requirements.txt (line 4))
#23 2.965   Downloading pyyaml-6.0.3-cp311-cp311-manylinux2014_x86_64.manylinux_2_17_x86_64.manylinux_2_28_x86_64.whl.metadata (2.4 kB)
#23 3.032 Collecting jsonschema>=2.6.0 (from drf-spectacular>=0.27->-r /tmp/requirements.txt (line 4))
#23 3.047   Downloading jsonschema-4.26.0-py3-none-any.whl.metadata (7.6 kB)
#23 3.078 Collecting inflection>=0.3.1 (from drf-spectacular>=0.27->-r /tmp/requirements.txt (line 4))
#23 3.092   Downloading inflection-0.5.1-py2.py3-none-any.whl.metadata (1.7 kB)
#23 3.443 Collecting charset-normalizer (from reportlab>=4.0->-r /tmp/requirements.txt (line 9))
#23 3.459   Downloading charset_normalizer-3.4.4-cp311-cp311-manylinux2014_x86_64.manylinux_2_17_x86_64.manylinux_2_28_x86_64.whl.metadata (37 kB)
#23 3.602 Collecting packaging (from gunicorn>=21.2->-r /tmp/requirements.txt (line 10))
#23 3.619   Downloading packaging-26.0-py3-none-any.whl.metadata (3.3 kB)
#23 3.699 Collecting pyasn1-modules>=0.2.1 (from google-auth>=2.27->-r /tmp/requirements.txt (line 12))
#23 3.715   Downloading pyasn1_modules-0.4.2-py3-none-any.whl.metadata (3.5 kB)
#23 4.069 Collecting cryptography>=38.0.3 (from google-auth>=2.27->-r /tmp/requirements.txt (line 12))
#23 4.085   Downloading cryptography-46.0.4-cp311-abi3-manylinux_2_34_x86_64.whl.metadata (5.7 kB)
#23 4.122 Collecting rsa<5,>=3.1.4 (from google-auth>=2.27->-r /tmp/requirements.txt (line 12))
#23 4.138   Downloading rsa-4.9.1-py3-none-any.whl.metadata (5.6 kB)
#23 4.200 Collecting requests-oauthlib>=0.7.0 (from google-auth-oauthlib>=1.2->-r /tmp/requirements.txt (line 13))
#23 4.214   Downloading requests_oauthlib-2.0.0-py2.py3-none-any.whl.metadata (11 kB)
#23 4.276 Collecting httplib2<1.0.0,>=0.19.0 (from google-auth-httplib2>=0.2->-r /tmp/requirements.txt (line 14))
#23 4.290   Downloading httplib2-0.31.2-py3-none-any.whl.metadata (2.2 kB)
#23 4.531 Collecting google-api-core!=2.0.*,!=2.1.*,!=2.2.*,!=2.3.0,<3.0.0,>=1.31.5 (from google-api-python-client>=2.115->-r /tmp/requirements.txt (line 15))
#23 4.545   Downloading google_api_core-2.29.0-py3-none-any.whl.metadata (3.3 kB)
#23 4.783 Collecting cffi>=2.0.0 (from cryptography>=38.0.3->google-auth>=2.27->-r /tmp/requirements.txt (line 12))
#23 4.797   Downloading cffi-2.0.0-cp311-cp311-manylinux2014_x86_64.manylinux_2_17_x86_64.whl.metadata (2.6 kB)
#23 4.894 Collecting googleapis-common-protos<2.0.0,>=1.56.2 (from google-api-core!=2.0.*,!=2.1.*,!=2.2.*,!=2.3.0,<3.0.0,>=1.31.5->google-api-python-client>=2.115->-r /tmp/requirements.txt (line 15))
#23 4.910   Downloading googleapis_common_protos-1.72.0-py3-none-any.whl.metadata (9.4 kB)
#23 5.312 Collecting protobuf!=3.20.0,!=3.20.1,!=4.21.0,!=4.21.1,!=4.21.2,!=4.21.3,!=4.21.4,!=4.21.5,<7.0.0,>=3.19.5 (from google-api-core!=2.0.*,!=2.1.*,!=2.2.*,!=2.3.0,<3.0.0,>=1.31.5->google-api-python-client>=2.115->-r /tmp/requirements.txt (line 15))
#23 5.327   Downloading protobuf-6.33.4-cp39-abi3-manylinux2014_x86_64.whl.metadata (593 bytes)
#23 5.375 Collecting proto-plus<2.0.0,>=1.22.3 (from google-api-core!=2.0.*,!=2.1.*,!=2.2.*,!=2.3.0,<3.0.0,>=1.31.5->google-api-python-client>=2.115->-r /tmp/requirements.txt (line 15))
#23 5.390   Downloading proto_plus-1.27.0-py3-none-any.whl.metadata (2.2 kB)
#23 5.569 Collecting requests<3.0.0,>=2.18.0 (from google-api-core!=2.0.*,!=2.1.*,!=2.2.*,!=2.3.0,<3.0.0,>=1.31.5->google-api-python-client>=2.115->-r /tmp/requirements.txt (line 15))
#23 5.596   Downloading requests-2.32.5-py3-none-any.whl.metadata (4.9 kB)
#23 5.661 Collecting pyparsing<4,>=3.1 (from httplib2<1.0.0,>=0.19.0->google-auth-httplib2>=0.2->-r /tmp/requirements.txt (line 14))
#23 5.676   Downloading pyparsing-3.3.2-py3-none-any.whl.metadata (5.8 kB)
#23 5.743 Collecting attrs>=22.2.0 (from jsonschema>=2.6.0->drf-spectacular>=0.27->-r /tmp/requirements.txt (line 4))
#23 5.758   Downloading attrs-25.4.0-py3-none-any.whl.metadata (10 kB)
#23 5.791 Collecting jsonschema-specifications>=2023.03.6 (from jsonschema>=2.6.0->drf-spectacular>=0.27->-r /tmp/requirements.txt (line 4))
#23 5.806   Downloading jsonschema_specifications-2025.9.1-py3-none-any.whl.metadata (2.9 kB)
#23 5.873 Collecting referencing>=0.28.4 (from jsonschema>=2.6.0->drf-spectacular>=0.27->-r /tmp/requirements.txt (line 4))
#23 5.890   Downloading referencing-0.37.0-py3-none-any.whl.metadata (2.8 kB)
#23 6.420 Collecting rpds-py>=0.25.0 (from jsonschema>=2.6.0->drf-spectacular>=0.27->-r /tmp/requirements.txt (line 4))
#23 6.436   Downloading rpds_py-0.30.0-cp311-cp311-manylinux_2_17_x86_64.manylinux2014_x86_64.whl.metadata (4.1 kB)
#23 6.500 Collecting pyasn1<0.7.0,>=0.6.1 (from pyasn1-modules>=0.2.1->google-auth>=2.27->-r /tmp/requirements.txt (line 12))
#23 6.517   Downloading pyasn1-0.6.2-py3-none-any.whl.metadata (8.4 kB)
#23 6.596 Collecting oauthlib>=3.0.0 (from requests-oauthlib>=0.7.0->google-auth-oauthlib>=1.2->-r /tmp/requirements.txt (line 13))
#23 6.611   Downloading oauthlib-3.3.1-py3-none-any.whl.metadata (7.9 kB)
#23 6.714 Collecting pycparser (from cffi>=2.0.0->cryptography>=38.0.3->google-auth>=2.27->-r /tmp/requirements.txt (line 12))
#23 6.729   Downloading pycparser-3.0-py3-none-any.whl.metadata (8.2 kB)
#23 7.025 Collecting typing-extensions>=4.4.0 (from referencing>=0.28.4->jsonschema>=2.6.0->drf-spectacular>=0.27->-r /tmp/requirements.txt (line 4))
#23 7.039   Downloading typing_extensions-4.15.0-py3-none-any.whl.metadata (3.3 kB)
#23 7.082 Collecting idna<4,>=2.5 (from requests<3.0.0,>=2.18.0->google-api-core!=2.0.*,!=2.1.*,!=2.2.*,!=2.3.0,<3.0.0,>=1.31.5->google-api-python-client>=2.115->-r /tmp/requirements.txt (line 15))
#23 7.096   Downloading idna-3.11-py3-none-any.whl.metadata (8.4 kB)
#23 7.157 Collecting urllib3<3,>=1.21.1 (from requests<3.0.0,>=2.18.0->google-api-core!=2.0.*,!=2.1.*,!=2.2.*,!=2.3.0,<3.0.0,>=1.31.5->google-api-python-client>=2.115->-r /tmp/requirements.txt (line 15))
#23 7.171   Downloading urllib3-2.6.3-py3-none-any.whl.metadata (6.9 kB)
#23 7.283 Collecting certifi>=2017.4.17 (from requests<3.0.0,>=2.18.0->google-api-core!=2.0.*,!=2.1.*,!=2.2.*,!=2.3.0,<3.0.0,>=1.31.5->google-api-python-client>=2.115->-r /tmp/requirements.txt (line 15))
#23 7.297   Downloading certifi-2026.1.4-py3-none-any.whl.metadata (2.5 kB)
#23 ...

#19 [frontend builder 6/6] RUN npm run build
#19 7.942 vite v5.4.21 building for production...

