System check identified no issues (0 silenced).
admin
 [X] 0001_initial
 [X] 0002_logentry_remove_auto_add
 [X] 0003_logentry_add_action_flag_choices
audit
 [X] 0001_initial
auth
 [X] 0001_initial
 [X] 0002_alter_permission_name_max_length
 [X] 0003_alter_user_email_max_length
 [X] 0004_alter_user_username_opts
 [X] 0005_alter_user_last_login_null
 [X] 0006_require_contenttypes_0002
 [X] 0007_alter_validators_add_error_messages
 [X] 0008_alter_user_username_max_length
 [X] 0009_alter_user_last_name_max_length
 [X] 0010_alter_group_name_max_length
 [X] 0011_update_proxy_permissions
 [X] 0012_alter_user_first_name_max_length
authtoken
 [X] 0001_initial
 [X] 0002_auto_20160226_1747
 [X] 0003_tokenproxy
 [X] 0004_alter_tokenproxy_options
catalog
 [X] 0001_initial
 [X] 0002_service_category_service_charges_service_code_and_more
 [X] 0003_service_default_price_turnaround_time
consultants
 [X] 0001_initial
 [X] 0002_consultantbillingrule_service_and_more
 [X] 0003_consultantbillingrule_consultant_fixed_amount_and_more
contenttypes
 [X] 0001_initial
 [X] 0002_remove_content_type_name
patients
 [X] 0001_initial
 [X] 0002_patient_date_of_birth_alter_patient_mrn
 [X] 0003_patient_patient_reg_no
 [X] 0004_rename_patients_pa_patient_idx_patients_pa_patient_42dea5_idx
reporting
 [X] 0001_initial
 [X] 0002_reportinstance_findings_text_and_more
 [X] 0003_reportactionlog_reportpublishsnapshot
 [X] 0004_reportingorganizationconfig_and_more
 [X] 0005_alter_reportvalue_unique_together_and_more
sessions
 [X] 0001_initial
studies
 [X] 0001_initial
 [X] 0002_orderitem_study_order_item_visit_orderitem_visit_and_more
 [X] 0003_receiptsequence_receiptsettings_and_more
 [X] 0004_receiptsettings_footer_text
 [X] 0005_backfill_receipt_settings
 [X] 0006_alter_receiptsettings_footer_text_and_more
workflow
 [X] 0001_initial
 [X] 0004_phase_b_c_combined
 [X] 0005_phase_d_canonical_usg_report
 [X] 0006_migrate_service_catalog_to_catalog_service
 [X] 0007_receipt_snapshot
 [X] 0008_alter_servicecatalog_options_and_more
 [X] 0009_alter_usgreport_scan_quality
 [X] 0010_delete_usgreport
Operations to perform:
  Apply all migrations: admin, audit, auth, authtoken, catalog, consultants, contenttypes, patients, reporting, sessions, studies, workflow
Running migrations:
  No migrations to apply.
SystemCheckError: System check identified some issues:

ERRORS:
?: (drf_spectacular.E001) Schema generation threw exception "The `read_only_fields` option must be a list or tuple. Got str."

WARNINGS:
?: (security.W004) You have not set a value for the SECURE_HSTS_SECONDS setting. If your entire site is served only over SSL, you may want to consider setting a value and enabling HTTP Strict Transport Security. Be sure to read the documentation first; enabling HSTS carelessly can cause serious, irreversible problems.
?: (security.W008) Your SECURE_SSL_REDIRECT setting is not set to True. Unless your site should be available over both SSL and non-SSL connections, you may want to either set this setting True or configure a load balancer or reverse-proxy server to redirect all connections to HTTPS.
?: (security.W009) Your SECRET_KEY has less than 50 characters, less than 5 unique characters, or it's prefixed with 'django-insecure-' indicating that it was generated automatically by Django. Please generate a long and random value, otherwise many of Django's security-critical features will be vulnerable to attack.
?: (security.W012) SESSION_COOKIE_SECURE is not set to True. Using a secure-only session cookie makes it more difficult for network traffic sniffers to hijack user sessions.
?: (security.W016) You have 'django.middleware.csrf.CsrfViewMiddleware' in your MIDDLEWARE, but you have not set CSRF_COOKIE_SECURE to True. Using a secure-only CSRF cookie makes it more difficult for network traffic sniffers to steal the CSRF token.
?: (security.W018) You should not have DEBUG set to True in deployment.

System check identified 7 issues (0 silenced).
Seeding reporting profiles...
Profile USG_KUB - USG KUB (Kidneys, Ureters, Bladder) already exists. Skipping seed to preserve manual changes.
No matching KUB service found to link.
Seeding complete.
