GOT TOKEN
CommandError: Aborting due to validation errors.
Loaded 3 rows. Mode: apply
Validation Errors:
Row 1: Missing required column: profile_name
Row 2: Missing required column: profile_name
Row 3: Missing required column: profile_name
41 objects imported automatically (use -v 2 for details).

Traceback (most recent call last):
  File "/app/manage.py", line 11, in <module>
    main()
  File "/app/manage.py", line 8, in main
    execute_from_command_line(sys.argv)
  File "/opt/venv/lib/python3.11/site-packages/django/core/management/__init__.py", line 442, in execute_from_command_line
    utility.execute()
  File "/opt/venv/lib/python3.11/site-packages/django/core/management/__init__.py", line 436, in execute
    self.fetch_command(subcommand).run_from_argv(self.argv)
  File "/opt/venv/lib/python3.11/site-packages/django/core/management/base.py", line 420, in run_from_argv
    self.execute(*args, **cmd_options)
  File "/opt/venv/lib/python3.11/site-packages/django/core/management/base.py", line 464, in execute
    output = self.handle(*args, **options)
             ^^^^^^^^^^^^^^^^^^^^^^^^^^^^^
  File "/opt/venv/lib/python3.11/site-packages/django/core/management/commands/shell.py", line 247, in handle
    exec(options["command"], {**globals(), **self.get_namespace(**options)})
  File "<string>", line 5, in <module>
ImportError: cannot import name 'WorkItemStatus' from 'apps.workflow.models' (/app/apps/workflow/models.py)
41 objects imported automatically (use -v 2 for details).

Traceback (most recent call last):
  File "/app/manage.py", line 11, in <module>
    main()
  File "/app/manage.py", line 8, in main
    execute_from_command_line(sys.argv)
  File "/opt/venv/lib/python3.11/site-packages/django/core/management/__init__.py", line 442, in execute_from_command_line
    utility.execute()
  File "/opt/venv/lib/python3.11/site-packages/django/core/management/__init__.py", line 436, in execute
    self.fetch_command(subcommand).run_from_argv(self.argv)
  File "/opt/venv/lib/python3.11/site-packages/django/core/management/base.py", line 420, in run_from_argv
    self.execute(*args, **cmd_options)
  File "/opt/venv/lib/python3.11/site-packages/django/core/management/base.py", line 464, in execute
    output = self.handle(*args, **options)
             ^^^^^^^^^^^^^^^^^^^^^^^^^^^^^
  File "/opt/venv/lib/python3.11/site-packages/django/core/management/commands/shell.py", line 247, in handle
    exec(options["command"], {**globals(), **self.get_namespace(**options)})
  File "<string>", line 6, in <module>
ImportError: cannot import name 'ReportingProfile' from 'apps.reporting.models' (/app/apps/reporting/models.py)
41 objects imported automatically (use -v 2 for details).

ReportProfile USG_SMOKE not found!
Traceback (most recent call last):
  File "/opt/venv/lib/python3.11/site-packages/django/db/models/query.py", line 948, in get_or_create
    return self.get(**kwargs), False
           ^^^^^^^^^^^^^^^^^^
  File "/opt/venv/lib/python3.11/site-packages/django/db/models/query.py", line 635, in get
    raise self.model.DoesNotExist(
apps.patients.models.Patient.DoesNotExist: Patient matching query does not exist.

During handling of the above exception, another exception occurred:

Traceback (most recent call last):
  File "<string>", line 35, in <module>
  File "/opt/venv/lib/python3.11/site-packages/django/db/models/manager.py", line 87, in manager_method
    return getattr(self.get_queryset(), name)(*args, **kwargs)
           ^^^^^^^^^^^^^^^^^^^^^^^^^^^^^^^^^^^^^^^^^^^^^^^^^^^
  File "/opt/venv/lib/python3.11/site-packages/django/db/models/query.py", line 950, in get_or_create
    params = self._extract_model_params(defaults, **kwargs)
             ^^^^^^^^^^^^^^^^^^^^^^^^^^^^^^^^^^^^^^^^^^^^^^
  File "/opt/venv/lib/python3.11/site-packages/django/db/models/query.py", line 1048, in _extract_model_params
    raise exceptions.FieldError(
django.core.exceptions.FieldError: Invalid field name(s) for model Patient: 'dob', 'first_name', 'last_name'.
41 objects imported automatically (use -v 2 for details).

Creating USG_SMOKE profile...
Traceback (most recent call last):
  File "<string>", line 32, in <module>
  File "/opt/venv/lib/python3.11/site-packages/django/db/models/manager.py", line 87, in manager_method
    return getattr(self.get_queryset(), name)(*args, **kwargs)
           ^^^^^^^^^^^^^^^^^^^^^^^^^^^^^^^^^^^^^^^^^^^^^^^^^^^
  File "/opt/venv/lib/python3.11/site-packages/django/db/models/query.py", line 948, in get_or_create
    return self.get(**kwargs), False
           ^^^^^^^^^^^^^^^^^^
  File "/opt/venv/lib/python3.11/site-packages/django/db/models/query.py", line 621, in get
    clone = self._chain() if self.query.combinator else self.filter(*args, **kwargs)
                                                        ^^^^^^^^^^^^^^^^^^^^^^^^^^^^
  File "/opt/venv/lib/python3.11/site-packages/django/db/models/query.py", line 1495, in filter
    return self._filter_or_exclude(False, args, kwargs)
           ^^^^^^^^^^^^^^^^^^^^^^^^^^^^^^^^^^^^^^^^^^^^
  File "/opt/venv/lib/python3.11/site-packages/django/db/models/query.py", line 1513, in _filter_or_exclude
    clone._filter_or_exclude_inplace(negate, args, kwargs)
  File "/opt/venv/lib/python3.11/site-packages/django/db/models/query.py", line 1523, in _filter_or_exclude_inplace
    self._query.add_q(Q(*args, **kwargs))
  File "/opt/venv/lib/python3.11/site-packages/django/db/models/sql/query.py", line 1646, in add_q
    clause, _ = self._add_q(q_object, can_reuse)
                ^^^^^^^^^^^^^^^^^^^^^^^^^^^^^^^^
  File "/opt/venv/lib/python3.11/site-packages/django/db/models/sql/query.py", line 1678, in _add_q
    child_clause, needed_inner = self.build_filter(
                                 ^^^^^^^^^^^^^^^^^^
  File "/opt/venv/lib/python3.11/site-packages/django/db/models/sql/query.py", line 1526, in build_filter
    lookups, parts, reffed_expression = self.solve_lookup_type(arg, summarize)
                                        ^^^^^^^^^^^^^^^^^^^^^^^^^^^^^^^^^^^^^^
  File "/opt/venv/lib/python3.11/site-packages/django/db/models/sql/query.py", line 1333, in solve_lookup_type
    _, field, _, lookup_parts = self.names_to_path(lookup_splitted, self.get_meta())
                                ^^^^^^^^^^^^^^^^^^^^^^^^^^^^^^^^^^^^^^^^^^^^^^^^^^^^
  File "/opt/venv/lib/python3.11/site-packages/django/db/models/sql/query.py", line 1806, in names_to_path
    raise FieldError(
django.core.exceptions.FieldError: Cannot resolve keyword 'accession_number' into field. Choices are: assigned_to, assigned_to_id, booked_consultant, booked_consultant_id, created_by, created_by_id, id, invoice, items, opd_consults, opd_vitals_list, patient, patient_id, payments, receipt_snapshot, registered_at, service, service_id, status, status_audit_logs, updated_at, visit_id
41 objects imported automatically (use -v 2 for details).

41 objects imported automatically (use -v 2 for details).

ITEM_UUID:b70cb88e-8d3b-483e-bf53-52948ce0fa83
{"id":"1309286b-1f2c-4c2e-ad9e-af6d487ddfbf","code":"USG_SMOKE","name":"USG Smoke","modality":"USG","parameters":[{"id":"ff2b1b8a-9fb8-4c63-8d47-8a52474ef27a","parameter_id":"ff2b1b8a-9fb8-4c63-8d47-8a52474ef27a","section":"Findings","name":"Liver Size","parameter_type":"number","unit":null,"normal_value":null,"order":1,"is_required":false,"options":[]},{"id":"bf870673-3244-4f12-9573-e0b69f4b4e01","parameter_id":"bf870673-3244-4f12-9573-e0b69f4b4e01","section":"Findings","name":"Liver Echogenicity","parameter_type":"dropdown","unit":null,"normal_value":null,"order":2,"is_required":false,"options":[{"id":"c27f3abf-ad9c-43e5-8f51-2b7c213805ba","label":"Fatty","value":"Fatty","order":0},{"id":"24e3a5dd-ad22-42c6-9fce-a7c6cc8b9a5b","label":"Coarse","value":"Coarse","order":0},{"id":"79275d6a-cfb2-4d71-85cd-1d9f0f30b546","label":"Normal","value":"Normal","order":0}]},{"id":"f9a1faf8-c624-4fe9-95b8-b316a3576d86","parameter_id":"f9a1faf8-c624-4fe9-95b8-b316a3576d86","section":"Conclusion","name":"Impression","parameter_type":"long_text","unit":null,"normal_value":null,"order":3,"is_required":false,"options":[]}]}{"status":"draft","values":[]}{"values":[{"parameter_id":["Must be a valid UUID."]},{"parameter_id":["Must be a valid UUID."]}]}{"status":"submitted"}{"status":"verified"}{"status":"published","version":1}[{"version":1,"published_at":"2026-01-29T08:41:28.031054Z","published_by":"admin","sha256":"81eaa8eae7db4a5e57d1e268a6ccbd59d6f40f696747f99b4cc6dddde3f90994","notes":"smoke publish","pdf_url":"http://127.0.0.1:8015/media/report_snapshots/2026/01/29/Report_2601-0001_v1.pdf"}]<!DOCTYPE html>
<html lang="en">
<head>
  <meta http-equiv="content-type" content="text/html; charset=utf-8">
  <title>Page not found at /api/reporting/workitems/b70cb88e-8d3b-483e-bf53-52948ce0fa83/published-integrity/</title>
  <meta name="robots" content="NONE,NOARCHIVE">
  <style>
    html * { padding:0; margin:0; }
    body * { padding:10px 20px; }
    body * * { padding:0; }
    body { font-family: sans-serif; background:#eee; color:#000; }
    body > :where(header, main, footer) { border-bottom:1px solid #ddd; }
    h1 { font-weight:normal; margin-bottom:.4em; }
    h1 small { font-size:60%; color:#666; font-weight:normal; }
    table { border:none; border-collapse: collapse; width:100%; }
    td, th { vertical-align:top; padding:2px 3px; }
    th { width:12em; text-align:right; color:#666; padding-right:.5em; }
    #info { background:#f6f6f6; }
    #info ol { margin: 0.5em 4em; }
    #info ol li { font-family: monospace; }
    #summary { background: #ffc; }
    #explanation { background:#eee; border-bottom: 0px none; }
    pre.exception_value { font-family: sans-serif; color: #575757; font-size: 1.5em; margin: 10px 0 10px 0; }
  </style>
</head>
<body>
  <header id="summary">
    <h1>Page not found <small>(404)</small></h1>
    
    <table class="meta">
      <tr>
        <th scope="row">Request Method:</th>
        <td>GET</td>
      </tr>
      <tr>
        <th scope="row">Request URL:</th>
        <td>http://127.0.0.1:8015/api/reporting/workitems/b70cb88e-8d3b-483e-bf53-52948ce0fa83/published-integrity/?version=1</td>
      </tr>
      
    </table>
  </header>

  <main id="info">
    
      <p>
      Using the URLconf defined in <code>rims_backend.urls</code>,
      Django tried these URL patterns, in this order:
      </p>
      <ol>
        
          <li>
            
              <code>
                admin/
                
              </code>
            
          </li>
        
          <li>
            
              <code>
                api/health/
                
              </code>
            
          </li>
        
          <li>
            
              <code>
                api/health/auth/
                
              </code>
            
          </li>
        
          <li>
            
              <code>
                api/auth/me/
                
              </code>
            
          </li>
        
          <li>
            
              <code>
                api/auth/token/
                [name='token_obtain_pair']
              </code>
            
          </li>
        
          <li>
            
              <code>
                api/auth/token/refresh/
                [name='token_refresh']
              </code>
            
          </li>
        
          <li>
            
              <code>
                api/schema/
                [name='schema']
              </code>
            
          </li>
        
          <li>
            
              <code>
                api/docs/
                [name='swagger-ui']
              </code>
            
          </li>
        
          <li>
            
              <code>
                api/pdf/receipt/&lt;uuid:visit_id&gt;/
                [name='receipt-pdf-alt']
              </code>
            
          </li>
        
          <li>
            
              <code>
                api/visits/&lt;uuid:visit_id&gt;/receipt/
                [name='workflow-visit-receipt']
              </code>
            
          </li>
        
          <li>
            
              <code>
                api/visits/&lt;uuid:visit_id&gt;/receipt/pdf/
                [name='workflow-visit-receipt-pdf']
              </code>
            
          </li>
        
          <li>
            
              <code>
                api/dashboard/summary/
                [name='dashboard-summary']
              </code>
            
          </li>
        
          <li>
            
              <code>
                api/dashboard/worklist/
                [name='dashboard-worklist']
              </code>
            
          </li>
        
          <li>
            
              <code>
                api/dashboard/flow/
                [name='dashboard-flow']
              </code>
            
          </li>
        
          <li>
            
              <code>
                api/reporting/
                
              </code>
            
              <code>
                
                
              </code>
            
              <code>
                ^workitems/(?P&lt;pk&gt;[^/.]+)/generate-narrative/$
                [name='reporting-workitems-generate-narrative']
              </code>
            
          </li>
        
          <li>
            
              <code>
                api/reporting/
                
              </code>
            
              <code>
                
                
              </code>
            
              <code>
                ^workitems/(?P&lt;pk&gt;[^/.]+)/generate-narrative\.(?P&lt;format&gt;[a-z0-9]+)/?$
                [name='reporting-workitems-generate-narrative']
              </code>
            
          </li>
        
          <li>
            
              <code>
                api/reporting/
                
              </code>
            
              <code>
                
                
              </code>
            
              <code>
                ^workitems/(?P&lt;pk&gt;[^/.]+)/narrative/$
                [name='reporting-workitems-narrative']
              </code>
            
          </li>
        
          <li>
            
              <code>
                api/reporting/
                
              </code>
            
              <code>
                
                
              </code>
            
              <code>
                ^workitems/(?P&lt;pk&gt;[^/.]+)/narrative\.(?P&lt;format&gt;[a-z0-9]+)/?$
                [name='reporting-workitems-narrative']
              </code>
            
          </li>
        
          <li>
            
              <code>
                api/reporting/
                
              </code>
            
              <code>
                
                
              </code>
            
              <code>
                ^workitems/(?P&lt;pk&gt;[^/.]+)/publish/$
                [name='reporting-workitems-publish']
              </code>
            
          </li>
        
          <li>
            
              <code>
                api/reporting/
                
              </code>
            
              <code>
                
                
              </code>
            
              <code>
                ^workitems/(?P&lt;pk&gt;[^/.]+)/publish\.(?P&lt;format&gt;[a-z0-9]+)/?$
                [name='reporting-workitems-publish']
              </code>
            
          </li>
        
          <li>
            
              <code>
                api/reporting/
                
              </code>
            
              <code>
                
                
              </code>
            
              <code>
                ^workitems/(?P&lt;pk&gt;[^/.]+)/publish-history/$
                [name='reporting-workitems-publish-history']
              </code>
            
          </li>
        
          <li>
            
              <code>
                api/reporting/
                
              </code>
            
              <code>
                
                
              </code>
            
              <code>
                ^workitems/(?P&lt;pk&gt;[^/.]+)/publish-history\.(?P&lt;format&gt;[a-z0-9]+)/?$
                [name='reporting-workitems-publish-history']
              </code>
            
          </li>
        
          <li>
            
              <code>
                api/reporting/
                
              </code>
            
              <code>
                
                
              </code>
            
              <code>
                ^workitems/(?P&lt;pk&gt;[^/.]+)/published-pdf/$
                [name='reporting-workitems-published-pdf']
              </code>
            
          </li>
        
          <li>
            
              <code>
                api/reporting/
                
              </code>
            
              <code>
                
                
              </code>
            
              <code>
                ^workitems/(?P&lt;pk&gt;[^/.]+)/published-pdf\.(?P&lt;format&gt;[a-z0-9]+)/?$
                [name='reporting-workitems-published-pdf']
              </code>
            
          </li>
        
          <li>
            
              <code>
                api/reporting/
                
              </code>
            
              <code>
                
                
              </code>
            
              <code>
                ^workitems/(?P&lt;pk&gt;[^/.]+)/report-pdf/$
                [name='reporting-workitems-report-pdf']
              </code>
            
          </li>
        
          <li>
            
              <code>
                api/reporting/
                
              </code>
            
              <code>
                
                
              </code>
            
              <code>
                ^workitems/(?P&lt;pk&gt;[^/.]+)/report-pdf\.(?P&lt;format&gt;[a-z0-9]+)/?$
                [name='reporting-workitems-report-pdf']
              </code>
            
          </li>
        
          <li>
            
              <code>
                api/reporting/
                
              </code>
            
              <code>
                
                
              </code>
            
              <code>
                ^workitems/(?P&lt;pk&gt;[^/.]+)/return-for-correction/$
                [name='reporting-workitems-return-for-correction']
              </code>
            
          </li>
        
          <li>
            
              <code>
                api/reporting/
                
              </code>
            
              <code>
                
                
              </code>
            
              <code>
                ^workitems/(?P&lt;pk&gt;[^/.]+)/return-for-correction\.(?P&lt;format&gt;[a-z0-9]+)/?$
                [name='reporting-workitems-return-for-correction']
              </code>
            
          </li>
        
          <li>
            
              <code>
                api/reporting/
                
              </code>
            
              <code>
                
                
              </code>
            
              <code>
                ^workitems/(?P&lt;pk&gt;[^/.]+)/save/$
                [name='reporting-workitems-save']
              </code>
            
          </li>
        
          <li>
            
              <code>
                api/reporting/
                
              </code>
            
              <code>
                
                
              </code>
            
              <code>
                ^workitems/(?P&lt;pk&gt;[^/.]+)/save\.(?P&lt;format&gt;[a-z0-9]+)/?$
                [name='reporting-workitems-save']
              </code>
            
          </li>
        
          <li>
            
              <code>
                api/reporting/
                
              </code>
            
              <code>
                
                
              </code>
            
              <code>
                ^workitems/(?P&lt;pk&gt;[^/.]+)/schema/$
                [name='reporting-workitems-schema']
              </code>
            
          </li>
        
          <li>
            
              <code>
                api/reporting/
                
              </code>
            
              <code>
                
                
              </code>
            
              <code>
                ^workitems/(?P&lt;pk&gt;[^/.]+)/schema\.(?P&lt;format&gt;[a-z0-9]+)/?$
                [name='reporting-workitems-schema']
              </code>
            
          </li>
        
          <li>
            
              <code>
                api/reporting/
                
              </code>
            
              <code>
                
                
              </code>
            
              <code>
                ^workitems/(?P&lt;pk&gt;[^/.]+)/submit/$
                [name='reporting-workitems-submit']
              </code>
            
          </li>
        
          <li>
            
              <code>
                api/reporting/
                
              </code>
            
              <code>
                
                
              </code>
            
              <code>
                ^workitems/(?P&lt;pk&gt;[^/.]+)/submit\.(?P&lt;format&gt;[a-z0-9]+)/?$
                [name='reporting-workitems-submit']
              </code>
            
          </li>
        
          <li>
            
              <code>
                api/reporting/
                
              </code>
            
              <code>
                
                
              </code>
            
              <code>
                ^workitems/(?P&lt;pk&gt;[^/.]+)/values/$
                [name='reporting-workitems-values']
              </code>
            
          </li>
        
          <li>
            
              <code>
                api/reporting/
                
              </code>
            
              <code>
                
                
              </code>
            
              <code>
                ^workitems/(?P&lt;pk&gt;[^/.]+)/values\.(?P&lt;format&gt;[a-z0-9]+)/?$
                [name='reporting-workitems-values']
              </code>
            
          </li>
        
          <li>
            
              <code>
                api/reporting/
                
              </code>
            
              <code>
                
                
              </code>
            
              <code>
                ^workitems/(?P&lt;pk&gt;[^/.]+)/verify/$
                [name='reporting-workitems-verify']
              </code>
            
          </li>
        
          <li>
            
              <code>
                api/reporting/
                
              </code>
            
              <code>
                
                
              </code>
            
              <code>
                ^workitems/(?P&lt;pk&gt;[^/.]+)/verify\.(?P&lt;format&gt;[a-z0-9]+)/?$
                [name='reporting-workitems-verify']
              </code>
            
          </li>
        
          <li>
            
              <code>
                api/reporting/
                
              </code>
            
              <code>
                
                
              </code>
            
              <code>
                
                [name='api-root']
              </code>
            
          </li>
        
          <li>
            
              <code>
                api/reporting/
                
              </code>
            
              <code>
                
                
              </code>
            
              <code>
                &lt;drf_format_suffix:format&gt;
                [name='api-root']
              </code>
            
          </li>
        
          <li>
            
              <code>
                api/
                
              </code>
            
              <code>
                ^patients/$
                [name='patients-list']
              </code>
            
          </li>
        
          <li>
            
              <code>
                api/
                
              </code>
            
              <code>
                ^patients\.(?P&lt;format&gt;[a-z0-9]+)/?$
                [name='patients-list']
              </code>
            
          </li>
        
          <li>
            
              <code>
                api/
                
              </code>
            
              <code>
                ^patients/(?P&lt;pk&gt;[^/.]+)/$
                [name='patients-detail']
              </code>
            
          </li>
        
          <li>
            
              <code>
                api/
                
              </code>
            
              <code>
                ^patients/(?P&lt;pk&gt;[^/.]+)\.(?P&lt;format&gt;[a-z0-9]+)/?$
                [name='patients-detail']
              </code>
            
          </li>
        
          <li>
            
              <code>
                api/
                
              </code>
            
              <code>
                ^modalities/$
                [name='modalities-list']
              </code>
            
          </li>
        
          <li>
            
              <code>
                api/
                
              </code>
            
              <code>
                ^modalities\.(?P&lt;format&gt;[a-z0-9]+)/?$
                [name='modalities-list']
              </code>
            
          </li>
        
          <li>
            
              <code>
                api/
                
              </code>
            
              <code>
                ^modalities/(?P&lt;pk&gt;[^/.]+)/$
                [name='modalities-detail']
              </code>
            
          </li>
        
          <li>
            
              <code>
                api/
                
              </code>
            
              <code>
                ^modalities/(?P&lt;pk&gt;[^/.]+)\.(?P&lt;format&gt;[a-z0-9]+)/?$
                [name='modalities-detail']
              </code>
            
          </li>
        
          <li>
            
              <code>
                api/
                
              </code>
            
              <code>
                ^services/$
                [name='services-list']
              </code>
            
          </li>
        
          <li>
            
              <code>
                api/
                
              </code>
            
              <code>
                ^services\.(?P&lt;format&gt;[a-z0-9]+)/?$
                [name='services-list']
              </code>
            
          </li>
        
          <li>
            
              <code>
                api/
                
              </code>
            
              <code>
                ^services/import-csv/$
                [name='services-import-csv']
              </code>
            
          </li>
        
          <li>
            
              <code>
                api/
                
              </code>
            
              <code>
                ^services/import-csv\.(?P&lt;format&gt;[a-z0-9]+)/?$
                [name='services-import-csv']
              </code>
            
          </li>
        
          <li>
            
              <code>
                api/
                
              </code>
            
              <code>
                ^services/most-used/$
                [name='services-most-used']
              </code>
            
          </li>
        
          <li>
            
              <code>
                api/
                
              </code>
            
              <code>
                ^services/most-used\.(?P&lt;format&gt;[a-z0-9]+)/?$
                [name='services-most-used']
              </code>
            
          </li>
        
          <li>
            
              <code>
                api/
                
              </code>
            
              <code>
                ^services/(?P&lt;pk&gt;[^/.]+)/$
                [name='services-detail']
              </code>
            
          </li>
        
          <li>
            
              <code>
                api/
                
              </code>
            
              <code>
                ^services/(?P&lt;pk&gt;[^/.]+)\.(?P&lt;format&gt;[a-z0-9]+)/?$
                [name='services-detail']
              </code>
            
          </li>
        
          <li>
            
              <code>
                api/
                
              </code>
            
              <code>
                ^studies/$
                [name='studies-list']
              </code>
            
          </li>
        
          <li>
            
              <code>
                api/
                
              </code>
            
              <code>
                ^studies\.(?P&lt;format&gt;[a-z0-9]+)/?$
                [name='studies-list']
              </code>
            
          </li>
        
          <li>
            
              <code>
                api/
                
              </code>
            
              <code>
                ^studies/(?P&lt;pk&gt;[^/.]+)/$
                [name='studies-detail']
              </code>
            
          </li>
        
          <li>
            
              <code>
                api/
                
              </code>
            
              <code>
                ^studies/(?P&lt;pk&gt;[^/.]+)\.(?P&lt;format&gt;[a-z0-9]+)/?$
                [name='studies-detail']
              </code>
            
          </li>
        
          <li>
            
              <code>
                api/
                
              </code>
            
              <code>
                ^visits/$
                [name='visits-list']
              </code>
            
          </li>
        
          <li>
            
              <code>
                api/
                
              </code>
            
              <code>
                ^visits\.(?P&lt;format&gt;[a-z0-9]+)/?$
                [name='visits-list']
              </code>
            
          </li>
        
          <li>
            
              <code>
                api/
                
              </code>
            
              <code>
                ^visits/unified-intake/$
                [name='visits-unified-intake']
              </code>
            
          </li>
        
          <li>
            
              <code>
                api/
                
              </code>
            
              <code>
                ^visits/unified-intake\.(?P&lt;format&gt;[a-z0-9]+)/?$
                [name='visits-unified-intake']
              </code>
            
          </li>
        
          <li>
            
              <code>
                api/
                
              </code>
            
              <code>
                ^visits/(?P&lt;pk&gt;[^/.]+)/$
                [name='visits-detail']
              </code>
            
          </li>
        
          <li>
            
              <code>
                api/
                
              </code>
            
              <code>
                ^visits/(?P&lt;pk&gt;[^/.]+)\.(?P&lt;format&gt;[a-z0-9]+)/?$
                [name='visits-detail']
              </code>
            
          </li>
        
          <li>
            
              <code>
                api/
                
              </code>
            
              <code>
                ^visits/(?P&lt;pk&gt;[^/.]+)/finalize/$
                [name='visits-finalize']
              </code>
            
          </li>
        
          <li>
            
              <code>
                api/
                
              </code>
            
              <code>
                ^visits/(?P&lt;pk&gt;[^/.]+)/finalize\.(?P&lt;format&gt;[a-z0-9]+)/?$
                [name='visits-finalize']
              </code>
            
          </li>
        
          <li>
            
              <code>
                api/
                
              </code>
            
              <code>
                ^visits/(?P&lt;pk&gt;[^/.]+)/generate-receipt/$
                [name='visits-generate-receipt']
              </code>
            
          </li>
        
          <li>
            
              <code>
                api/
                
              </code>
            
              <code>
                ^visits/(?P&lt;pk&gt;[^/.]+)/generate-receipt\.(?P&lt;format&gt;[a-z0-9]+)/?$
                [name='visits-generate-receipt']
              </code>
            
          </li>
        
          <li>
            
              <code>
                api/
                
              </code>
            
              <code>
                ^visits/(?P&lt;pk&gt;[^/.]+)/receipt/$
                [name='visits-receipt']
              </code>
            
          </li>
        
          <li>
            
              <code>
                api/
                
              </code>
            
              <code>
                ^visits/(?P&lt;pk&gt;[^/.]+)/receipt\.(?P&lt;format&gt;[a-z0-9]+)/?$
                [name='visits-receipt']
              </code>
            
          </li>
        
          <li>
            
              <code>
                api/
                
              </code>
            
              <code>
                ^visits/(?P&lt;pk&gt;[^/.]+)/receipt-preview/$
                [name='visits-receipt-preview']
              </code>
            
          </li>
        
          <li>
            
              <code>
                api/
                
              </code>
            
              <code>
                ^visits/(?P&lt;pk&gt;[^/.]+)/receipt-preview\.(?P&lt;format&gt;[a-z0-9]+)/?$
                [name='visits-receipt-preview']
              </code>
            
          </li>
        
          <li>
            
              <code>
                api/
                
              </code>
            
              <code>
                ^visits/(?P&lt;pk&gt;[^/.]+)/usg-reports/$
                [name='visits-usg-reports']
              </code>
            
          </li>
        
          <li>
            
              <code>
                api/
                
              </code>
            
              <code>
                ^visits/(?P&lt;pk&gt;[^/.]+)/usg-reports\.(?P&lt;format&gt;[a-z0-9]+)/?$
                [name='visits-usg-reports']
              </code>
            
          </li>
        
          <li>
            
              <code>
                api/
                
              </code>
            
              <code>
                ^audit/$
                [name='audit-list']
              </code>
            
          </li>
        
          <li>
            
              <code>
                api/
                
              </code>
            
              <code>
                ^audit\.(?P&lt;format&gt;[a-z0-9]+)/?$
                [name='audit-list']
              </code>
            
          </li>
        
          <li>
            
              <code>
                api/
                
              </code>
            
              <code>
                ^audit/(?P&lt;pk&gt;[^/.]+)/$
                [name='audit-detail']
              </code>
            
          </li>
        
          <li>
            
              <code>
                api/
                
              </code>
            
              <code>
                ^audit/(?P&lt;pk&gt;[^/.]+)\.(?P&lt;format&gt;[a-z0-9]+)/?$
                [name='audit-detail']
              </code>
            
          </li>
        
          <li>
            
              <code>
                api/
                
              </code>
            
              <code>
                ^receipt-settings/$
                [name='receipt-settings-list']
              </code>
            
          </li>
        
          <li>
            
              <code>
                api/
                
              </code>
            
              <code>
                ^receipt-settings\.(?P&lt;format&gt;[a-z0-9]+)/?$
                [name='receipt-settings-list']
              </code>
            
          </li>
        
          <li>
            
              <code>
                api/
                
              </code>
            
              <code>
                ^receipt-settings/public/$
                [name='receipt-settings-public-settings']
              </code>
            
          </li>
        
          <li>
            
              <code>
                api/
                
              </code>
            
              <code>
                ^receipt-settings/public\.(?P&lt;format&gt;[a-z0-9]+)/?$
                [name='receipt-settings-public-settings']
              </code>
            
          </li>
        
          <li>
            
              <code>
                api/
                
              </code>
            
              <code>
                ^receipt-settings/header-image/$
                [name='receipt-settings-upload-header-image']
              </code>
            
          </li>
        
          <li>
            
              <code>
                api/
                
              </code>
            
              <code>
                ^receipt-settings/header-image\.(?P&lt;format&gt;[a-z0-9]+)/?$
                [name='receipt-settings-upload-header-image']
              </code>
            
          </li>
        
          <li>
            
              <code>
                api/
                
              </code>
            
              <code>
                ^receipt-settings/logo/$
                [name='receipt-settings-upload-logo']
              </code>
            
          </li>
        
          <li>
            
              <code>
                api/
                
              </code>
            
              <code>
                ^receipt-settings/logo\.(?P&lt;format&gt;[a-z0-9]+)/?$
                [name='receipt-settings-upload-logo']
              </code>
            
          </li>
        
          <li>
            
              <code>
                api/
                
              </code>
            
              <code>
                ^receipt-settings/(?P&lt;pk&gt;[^/.]+)/$
                [name='receipt-settings-detail']
              </code>
            
          </li>
        
          <li>
            
              <code>
                api/
                
              </code>
            
              <code>
                ^receipt-settings/(?P&lt;pk&gt;[^/.]+)\.(?P&lt;format&gt;[a-z0-9]+)/?$
                [name='receipt-settings-detail']
              </code>
            
          </li>
        
          <li>
            
              <code>
                api/
                
              </code>
            
              <code>
                ^workflow/service-catalog/$
                [name='service-catalog-list']
              </code>
            
          </li>
        
          <li>
            
              <code>
                api/
                
              </code>
            
              <code>
                ^workflow/service-catalog\.(?P&lt;format&gt;[a-z0-9]+)/?$
                [name='service-catalog-list']
              </code>
            
          </li>
        
          <li>
            
              <code>
                api/
                
              </code>
            
              <code>
                ^workflow/service-catalog/(?P&lt;pk&gt;[^/.]+)/$
                [name='service-catalog-detail']
              </code>
            
          </li>
        
          <li>
            
              <code>
                api/
                
              </code>
            
              <code>
                ^workflow/service-catalog/(?P&lt;pk&gt;[^/.]+)\.(?P&lt;format&gt;[a-z0-9]+)/?$
                [name='service-catalog-detail']
              </code>
            
          </li>
        
          <li>
            
              <code>
                api/
                
              </code>
            
              <code>
                ^workflow/visits/$
                [name='service-visits-list']
              </code>
            
          </li>
        
          <li>
            
              <code>
                api/
                
              </code>
            
              <code>
                ^workflow/visits\.(?P&lt;format&gt;[a-z0-9]+)/?$
                [name='service-visits-list']
              </code>
            
          </li>
        
          <li>
            
              <code>
                api/
                
              </code>
            
              <code>
                ^workflow/visits/create_visit/$
                [name='service-visits-create-visit']
              </code>
            
          </li>
        
          <li>
            
              <code>
                api/
                
              </code>
            
              <code>
                ^workflow/visits/create_visit\.(?P&lt;format&gt;[a-z0-9]+)/?$
                [name='service-visits-create-visit']
              </code>
            
          </li>
        
          <li>
            
              <code>
                api/
                
              </code>
            
              <code>
                ^workflow/visits/(?P&lt;pk&gt;[^/.]+)/$
                [name='service-visits-detail']
              </code>
            
          </li>
        
          <li>
            
              <code>
                api/
                
              </code>
            
              <code>
                ^workflow/visits/(?P&lt;pk&gt;[^/.]+)\.(?P&lt;format&gt;[a-z0-9]+)/?$
                [name='service-visits-detail']
              </code>
            
          </li>
        
          <li>
            
              <code>
                api/
                
              </code>
            
              <code>
                ^workflow/visits/(?P&lt;pk&gt;[^/.]+)/receipt/$
                [name='service-visits-receipt-reprint']
              </code>
            
          </li>
        
          <li>
            
              <code>
                api/
                
              </code>
            
              <code>
                ^workflow/visits/(?P&lt;pk&gt;[^/.]+)/receipt\.(?P&lt;format&gt;[a-z0-9]+)/?$
                [name='service-visits-receipt-reprint']
              </code>
            
          </li>
        
          <li>
            
              <code>
                api/
                
              </code>
            
              <code>
                ^workflow/visits/(?P&lt;pk&gt;[^/.]+)/receipt/pdf/$
                [name='service-visits-receipt-reprint-pdf']
              </code>
            
          </li>
        
          <li>
            
              <code>
                api/
                
              </code>
            
              <code>
                ^workflow/visits/(?P&lt;pk&gt;[^/.]+)/receipt/pdf\.(?P&lt;format&gt;[a-z0-9]+)/?$
                [name='service-visits-receipt-reprint-pdf']
              </code>
            
          </li>
        
          <li>
            
              <code>
                api/
                
              </code>
            
              <code>
                ^workflow/visits/(?P&lt;pk&gt;[^/.]+)/transition_status/$
                [name='service-visits-transition-status']
              </code>
            
          </li>
        
          <li>
            
              <code>
                api/
                
              </code>
            
              <code>
                ^workflow/visits/(?P&lt;pk&gt;[^/.]+)/transition_status\.(?P&lt;format&gt;[a-z0-9]+)/?$
                [name='service-visits-transition-status']
              </code>
            
          </li>
        
          <li>
            
              <code>
                api/
                
              </code>
            
              <code>
                ^workflow/items/$
                [name='service-visit-items-list']
              </code>
            
          </li>
        
          <li>
            
              <code>
                api/
                
              </code>
            
              <code>
                ^workflow/items\.(?P&lt;format&gt;[a-z0-9]+)/?$
                [name='service-visit-items-list']
              </code>
            
          </li>
        
          <li>
            
              <code>
                api/
                
              </code>
            
              <code>
                ^workflow/items/worklist/$
                [name='service-visit-items-worklist']
              </code>
            
          </li>
        
          <li>
            
              <code>
                api/
                
              </code>
            
              <code>
                ^workflow/items/worklist\.(?P&lt;format&gt;[a-z0-9]+)/?$
                [name='service-visit-items-worklist']
              </code>
            
          </li>
        
          <li>
            
              <code>
                api/
                
              </code>
            
              <code>
                ^workflow/items/(?P&lt;pk&gt;[^/.]+)/$
                [name='service-visit-items-detail']
              </code>
            
          </li>
        
          <li>
            
              <code>
                api/
                
              </code>
            
              <code>
                ^workflow/items/(?P&lt;pk&gt;[^/.]+)\.(?P&lt;format&gt;[a-z0-9]+)/?$
                [name='service-visit-items-detail']
              </code>
            
          </li>
        
          <li>
            
              <code>
                api/
                
              </code>
            
              <code>
                ^workflow/items/(?P&lt;pk&gt;[^/.]+)/transition_status/$
                [name='service-visit-items-transition-status']
              </code>
            
          </li>
        
          <li>
            
              <code>
                api/
                
              </code>
            
              <code>
                ^workflow/items/(?P&lt;pk&gt;[^/.]+)/transition_status\.(?P&lt;format&gt;[a-z0-9]+)/?$
                [name='service-visit-items-transition-status']
              </code>
            
          </li>
        
          <li>
            
              <code>
                api/
                
              </code>
            
              <code>
                ^workflow/opd/vitals/$
                [name='opd-vitals-list']
              </code>
            
          </li>
        
          <li>
            
              <code>
                api/
                
              </code>
            
              <code>
                ^workflow/opd/vitals\.(?P&lt;format&gt;[a-z0-9]+)/?$
                [name='opd-vitals-list']
              </code>
            
          </li>
        
          <li>
            
              <code>
                api/
                
              </code>
            
              <code>
                ^workflow/opd/vitals/(?P&lt;pk&gt;[^/.]+)/$
                [name='opd-vitals-detail']
              </code>
            
          </li>
        
          <li>
            
              <code>
                api/
                
              </code>
            
              <code>
                ^workflow/opd/vitals/(?P&lt;pk&gt;[^/.]+)\.(?P&lt;format&gt;[a-z0-9]+)/?$
                [name='opd-vitals-detail']
              </code>
            
          </li>
        
          <li>
            
              <code>
                api/
                
              </code>
            
              <code>
                ^workflow/opd/consult/$
                [name='opd-consult-list']
              </code>
            
          </li>
        
          <li>
            
              <code>
                api/
                
              </code>
            
              <code>
                ^workflow/opd/consult\.(?P&lt;format&gt;[a-z0-9]+)/?$
                [name='opd-consult-list']
              </code>
            
          </li>
        
          <li>
            
              <code>
                api/
                
              </code>
            
              <code>
                ^workflow/opd/consult/(?P&lt;pk&gt;[^/.]+)/$
                [name='opd-consult-detail']
              </code>
            
          </li>
        
          <li>
            
              <code>
                api/
                
              </code>
            
              <code>
                ^workflow/opd/consult/(?P&lt;pk&gt;[^/.]+)\.(?P&lt;format&gt;[a-z0-9]+)/?$
                [name='opd-consult-detail']
              </code>
            
          </li>
        
          <li>
            
              <code>
                api/
                
              </code>
            
              <code>
                ^workflow/opd/consult/(?P&lt;pk&gt;[^/.]+)/save_and_print/$
                [name='opd-consult-save-and-print']
              </code>
            
          </li>
        
          <li>
            
              <code>
                api/
                
              </code>
            
              <code>
                ^workflow/opd/consult/(?P&lt;pk&gt;[^/.]+)/save_and_print\.(?P&lt;format&gt;[a-z0-9]+)/?$
                [name='opd-consult-save-and-print']
              </code>
            
          </li>
        
          <li>
            
              <code>
                api/
                
              </code>
            
              <code>
                ^workflow/patients/$
                [name='workflow-patients-list']
              </code>
            
          </li>
        
          <li>
            
              <code>
                api/
                
              </code>
            
              <code>
                ^workflow/patients\.(?P&lt;format&gt;[a-z0-9]+)/?$
                [name='workflow-patients-list']
              </code>
            
          </li>
        
          <li>
            
              <code>
                api/
                
              </code>
            
              <code>
                ^workflow/patients/(?P&lt;pk&gt;[^/.]+)/timeline/$
                [name='workflow-patients-timeline']
              </code>
            
          </li>
        
          <li>
            
              <code>
                api/
                
              </code>
            
              <code>
                ^workflow/patients/(?P&lt;pk&gt;[^/.]+)/timeline\.(?P&lt;format&gt;[a-z0-9]+)/?$
                [name='workflow-patients-timeline']
              </code>
            
          </li>
        
          <li>
            
              <code>
                api/
                
              </code>
            
              <code>
                ^pdf/(?P&lt;pk&gt;[^/.]+)/prescription/$
                [name='pdf-prescription']
              </code>
            
          </li>
        
          <li>
            
              <code>
                api/
                
              </code>
            
              <code>
                ^pdf/(?P&lt;pk&gt;[^/.]+)/prescription\.(?P&lt;format&gt;[a-z0-9]+)/?$
                [name='pdf-prescription']
              </code>
            
          </li>
        
          <li>
            
              <code>
                api/
                
              </code>
            
              <code>
                ^pdf/(?P&lt;pk&gt;[^/.]+)/receipt/$
                [name='pdf-receipt']
              </code>
            
          </li>
        
          <li>
            
              <code>
                api/
                
              </code>
            
              <code>
                ^pdf/(?P&lt;pk&gt;[^/.]+)/receipt\.(?P&lt;format&gt;[a-z0-9]+)/?$
                [name='pdf-receipt']
              </code>
            
          </li>
        
          <li>
            
              <code>
                api/
                
              </code>
            
              <code>
                ^pdf/(?P&lt;pk&gt;[^/.]+)/report/$
                [name='pdf-report']
              </code>
            
          </li>
        
          <li>
            
              <code>
                api/
                
              </code>
            
              <code>
                ^pdf/(?P&lt;pk&gt;[^/.]+)/report\.(?P&lt;format&gt;[a-z0-9]+)/?$
                [name='pdf-report']
              </code>
            
          </li>
        
          <li>
            
              <code>
                api/
                
              </code>
            
              <code>
                ^consultants/$
                [name='consultants-list']
              </code>
            
          </li>
        
          <li>
            
              <code>
                api/
                
              </code>
            
              <code>
                ^consultants\.(?P&lt;format&gt;[a-z0-9]+)/?$
                [name='consultants-list']
              </code>
            
          </li>
        
          <li>
            
              <code>
                api/
                
              </code>
            
              <code>
                ^consultants/(?P&lt;pk&gt;[^/.]+)/$
                [name='consultants-detail']
              </code>
            
          </li>
        
          <li>
            
              <code>
                api/
                
              </code>
            
              <code>
                ^consultants/(?P&lt;pk&gt;[^/.]+)\.(?P&lt;format&gt;[a-z0-9]+)/?$
                [name='consultants-detail']
              </code>
            
          </li>
        
          <li>
            
              <code>
                api/
                
              </code>
            
              <code>
                ^consultants/(?P&lt;pk&gt;[^/.]+)/rules/$
                [name='consultants-rules']
              </code>
            
          </li>
        
          <li>
            
              <code>
                api/
                
              </code>
            
              <code>
                ^consultants/(?P&lt;pk&gt;[^/.]+)/rules\.(?P&lt;format&gt;[a-z0-9]+)/?$
                [name='consultants-rules']
              </code>
            
          </li>
        
          <li>
            
              <code>
                api/
                
              </code>
            
              <code>
                ^consultant-billing-rules/$
                [name='consultant-billing-rules-list']
              </code>
            
          </li>
        
          <li>
            
              <code>
                api/
                
              </code>
            
              <code>
                ^consultant-billing-rules\.(?P&lt;format&gt;[a-z0-9]+)/?$
                [name='consultant-billing-rules-list']
              </code>
            
          </li>
        
          <li>
            
              <code>
                api/
                
              </code>
            
              <code>
                ^consultant-billing-rules/(?P&lt;pk&gt;[^/.]+)/$
                [name='consultant-billing-rules-detail']
              </code>
            
          </li>
        
          <li>
            
              <code>
                api/
                
              </code>
            
              <code>
                ^consultant-billing-rules/(?P&lt;pk&gt;[^/.]+)\.(?P&lt;format&gt;[a-z0-9]+)/?$
                [name='consultant-billing-rules-detail']
              </code>
            
          </li>
        
          <li>
            
              <code>
                api/
                
              </code>
            
              <code>
                ^consultant-settlements/$
                [name='consultant-settlements-list']
              </code>
            
          </li>
        
          <li>
            
              <code>
                api/
                
              </code>
            
              <code>
                ^consultant-settlements\.(?P&lt;format&gt;[a-z0-9]+)/?$
                [name='consultant-settlements-list']
              </code>
            
          </li>
        
          <li>
            
              <code>
                api/
                
              </code>
            
              <code>
                ^consultant-settlements/preview/$
                [name='consultant-settlements-preview']
              </code>
            
          </li>
        
          <li>
            
              <code>
                api/
                
              </code>
            
              <code>
                ^consultant-settlements/preview\.(?P&lt;format&gt;[a-z0-9]+)/?$
                [name='consultant-settlements-preview']
              </code>
            
          </li>
        
          <li>
            
              <code>
                api/
                
              </code>
            
              <code>
                ^consultant-settlements/(?P&lt;pk&gt;[^/.]+)/$
                [name='consultant-settlements-detail']
              </code>
            
          </li>
        
          <li>
            
              <code>
                api/
                
              </code>
            
              <code>
                ^consultant-settlements/(?P&lt;pk&gt;[^/.]+)\.(?P&lt;format&gt;[a-z0-9]+)/?$
                [name='consultant-settlements-detail']
              </code>
            
          </li>
        
          <li>
            
              <code>
                api/
                
              </code>
            
              <code>
                ^consultant-settlements/(?P&lt;pk&gt;[^/.]+)/finalize/$
                [name='consultant-settlements-finalize']
              </code>
            
          </li>
        
          <li>
            
              <code>
                api/
                
              </code>
            
              <code>
                ^consultant-settlements/(?P&lt;pk&gt;[^/.]+)/finalize\.(?P&lt;format&gt;[a-z0-9]+)/?$
                [name='consultant-settlements-finalize']
              </code>
            
          </li>
        
          <li>
            
              <code>
                api/
                
              </code>
            
              <code>
                
                [name='api-root']
              </code>
            
          </li>
        
          <li>
            
              <code>
                api/
                
              </code>
            
              <code>
                &lt;drf_format_suffix:format&gt;
                [name='api-root']
              </code>
            
          </li>
        
          <li>
            
              <code>
                ^media/(?P&lt;path&gt;.*)$
                
              </code>
            
          </li>
        
      </ol>
      <p>
        
          The current path, <code>api/reporting/workitems/b70cb88e-8d3b-483e-bf53-52948ce0fa83/published-integrity/</code>,
        
        didnt match any of these.
      </p>
    
  </main>

  <footer id="explanation">
    <p>
      Youre seeing this error because you have <code>DEBUG = True</code> in
      your Django settings file. Change that to <code>False</code>, and Django
      will display a standard 404 page.
    </p>
  </footer>
</body>
</html>
artifacts/20260129_030115/tmp/published_v1.pdf: PDF document, version 1.4, 1 page(s)
00000000  25 50 44 46                                       |%PDF|
00000004
-rw-rw-r--+ 1 munaim munaim 320577 Jan 29 13:41 artifacts/20260129_030115/tmp/published_v1.pdf
