#0 building with "default" instance using docker driver

#1 [internal] load build definition from Dockerfile
#1 transferring dockerfile: 1.98kB done
#1 WARN: FromAsCasing: 'as' and 'FROM' keywords' casing do not match (line 2)
#1 DONE 0.0s

#2 [internal] load metadata for docker.io/library/python:3.11-slim
#2 DONE 0.1s

#3 [internal] load .dockerignore
#3 transferring context: 2B done
#3 DONE 0.0s

#4 [builder 1/5] FROM docker.io/library/python:3.11-slim@sha256:5be45dbade29bebd6886af6b438fd7e0b4eb7b611f39ba62b430263f82de36d2
#4 resolve docker.io/library/python:3.11-slim@sha256:5be45dbade29bebd6886af6b438fd7e0b4eb7b611f39ba62b430263f82de36d2 0.0s done
#4 DONE 0.0s

#5 [internal] load build context
#5 transferring context: 2.62MB 0.7s done
#5 DONE 0.7s

#6 [stage-1 4/8] WORKDIR /app
#6 CACHED

#7 [builder 4/5] COPY requirements.txt /tmp/
#7 CACHED

#8 [builder 3/5] RUN python -m venv /opt/venv
#8 CACHED

#9 [builder 5/5] RUN pip install --no-cache-dir -r /tmp/requirements.txt
#9 CACHED

#10 [stage-1 5/8] COPY . /app/
#10 CACHED

#11 [stage-1 6/8] RUN chmod +x /app/scripts/entrypoint.sh
#11 CACHED

#12 [builder 2/5] RUN apt-get update && apt-get install -y --no-install-recommends     gcc     postgresql-client     libpq-dev     && rm -rf /var/lib/apt/lists/*
#12 CACHED

#13 [stage-1 3/8] COPY --from=builder /opt/venv /opt/venv
#13 CACHED

#14 [stage-1 2/8] RUN apt-get update && apt-get install -y --no-install-recommends     postgresql-client     libpq5     libcairo2     libpango-1.0-0     libpangoft2-1.0-0     libgobject-2.0-0     libgdk-pixbuf-2.0-0     libgirepository-1.0-1     libffi8     shared-mime-info     fontconfig     fonts-dejavu-core     && rm -rf /var/lib/apt/lists/*
#14 CACHED

#15 [stage-1 7/8] RUN mkdir -p /app/media /app/staticfiles /app/static
#15 CACHED

#16 [stage-1 8/8] RUN useradd -m -u 1000 appuser &&     chown -R appuser:appuser /app
